0 info it worked if it ends with ok
1 verbose cli [ '/usr/local/bin/node', '/usr/local/bin/npm', 'run', 'start' ]
2 info using npm@3.7.3
3 info using node@v5.8.0
4 verbose run-script [ 'prestart', 'start', 'poststart' ]
5 info lifecycle lunchasaurs@0.0.1~prestart: lunchasaurs@0.0.1
6 verbose lifecycle lunchasaurs@0.0.1~prestart: unsafe-perm in lifecycle true
7 verbose lifecycle lunchasaurs@0.0.1~prestart: PATH: /usr/local/lib/node_modules/npm/bin/node-gyp-bin:/Users/rlazarony/dev/lunchasaurs/node_modules/.bin:/usr/local/bin:/usr/local/bin:/usr/bin:/bin:/usr/sbin:/sbin
8 verbose lifecycle lunchasaurs@0.0.1~prestart: CWD: /Users/rlazarony/dev/lunchasaurs
9 silly lifecycle lunchasaurs@0.0.1~prestart: Args: [ '-c', 'npm run build' ]
10 silly lifecycle lunchasaurs@0.0.1~prestart: Returned: code: 1  signal: null
11 info lifecycle lunchasaurs@0.0.1~prestart: Failed to exec prestart script
12 verbose stack Error: lunchasaurs@0.0.1 prestart: `npm run build`
12 verbose stack Exit status 1
12 verbose stack     at EventEmitter.<anonymous> (/usr/local/lib/node_modules/npm/lib/utils/lifecycle.js:239:16)
12 verbose stack     at emitTwo (events.js:100:13)
12 verbose stack     at EventEmitter.emit (events.js:185:7)
12 verbose stack     at ChildProcess.<anonymous> (/usr/local/lib/node_modules/npm/lib/utils/spawn.js:24:14)
12 verbose stack     at emitTwo (events.js:100:13)
12 verbose stack     at ChildProcess.emit (events.js:185:7)
12 verbose stack     at maybeClose (internal/child_process.js:850:16)
12 verbose stack     at Process.ChildProcess._handle.onexit (internal/child_process.js:215:5)
13 verbose pkgid lunchasaurs@0.0.1
14 verbose cwd /Users/rlazarony/dev/lunchasaurs
15 error Darwin 14.5.0
16 error argv "/usr/local/bin/node" "/usr/local/bin/npm" "run" "start"
17 error node v5.8.0
18 error npm  v3.7.3
19 error code ELIFECYCLE
20 error lunchasaurs@0.0.1 prestart: `npm run build`
20 error Exit status 1
21 error Failed at the lunchasaurs@0.0.1 prestart script 'npm run build'.
21 error Make sure you have the latest version of node.js and npm installed.
21 error If you do, this is most likely a problem with the lunchasaurs package,
21 error not with npm itself.
21 error Tell the author that this fails on your system:
21 error     npm run build
21 error You can get information on how to open an issue for this project with:
21 error     npm bugs lunchasaurs
21 error Or if that isn't available, you can get their info via:
21 error     npm owner ls lunchasaurs
21 error There is likely additional logging output above.
22 verbose exit [ 1, true ]
